{"level":"info","message":"Server is starting "}
{"level":"info","message":"MongoDB Connected: ac-5vmiezl-shard-00-02.fya1gwu.mongodb.net"}
{"level":"info","message":"Server is running on port: 80"}
{"level":"info","message":"Server is running on port undefined"}
{"level":"info","message":"MongoDB Connected: ac-5vmiezl-shard-00-00.fya1gwu.mongodb.net"}
{"level":"info","message":"Server is running on port: undefined"}
{"level":"info","message":"Server is running on port undefined"}
{"level":"info","message":"MongoDB Connected: ac-5vmiezl-shard-00-02.fya1gwu.mongodb.net"}
{"level":"info","message":"Server is running on port: undefined"}
{"level":"info","message":"Server is running on port 80"}
{"level":"info","message":"MongoDB Connected: ac-5vmiezl-shard-00-01.fya1gwu.mongodb.net"}
{"level":"info","message":"Server is running on port: 80"}
{"level":"info","message":"Server is running on port 80"}
{"level":"info","message":"MongoDB Connected: ac-5vmiezl-shard-00-01.fya1gwu.mongodb.net"}
{"level":"info","message":"Server is running on port: 80"}
{"level":"info","message":"Server is running on port 80"}
{"level":"info","message":"MongoDB Connected: ac-5vmiezl-shard-00-00.fya1gwu.mongodb.net"}
{"level":"info","message":"Server is running on port: 80"}
{"level":"info","message":"Server is running on port 80"}
{"level":"info","message":"MongoDB Connected: ac-5vmiezl-shard-00-00.fya1gwu.mongodb.net"}
{"level":"info","message":"Server is running on port: 80"}
{"level":"info","message":"Server is running on port 80"}
{"level":"info","message":"MongoDB Connected: ac-5vmiezl-shard-00-01.fya1gwu.mongodb.net"}
{"level":"info","message":"Server is running on port: 80"}
{"level":"info","message":"Server is running on port 80"}
{"level":"info","message":"MongoDB Connected: ac-5vmiezl-shard-00-01.fya1gwu.mongodb.net"}
{"level":"info","message":"Server is running on port: 80"}
{"level":"info","message":"Server is running on port 80"}
{"level":"info","message":"MongoDB Connected: ac-5vmiezl-shard-00-02.fya1gwu.mongodb.net"}
{"level":"info","message":"Server is running on port: 80"}
{"level":"info","message":"Server is running on port 80"}
{"level":"info","message":"MongoDB Connected: ac-5vmiezl-shard-00-02.fya1gwu.mongodb.net"}
{"level":"info","message":"Server is running on port: 80"}
{"level":"info","message":"Server is running on port 80"}
{"level":"info","message":"MongoDB Connected: ac-5vmiezl-shard-00-02.fya1gwu.mongodb.net"}
{"level":"info","message":"Server is running on port: 80"}
{"level":"info","message":"Server is running on port 80"}
{"level":"info","message":"MongoDB Connected: ac-5vmiezl-shard-00-02.fya1gwu.mongodb.net"}
{"level":"info","message":"Server is running on port: 80"}
{"level":"info","message":"Server is running on port 80"}
{"level":"info","message":"MongoDB Connected: ac-5vmiezl-shard-00-00.fya1gwu.mongodb.net"}
{"level":"info","message":"Server is running on port: 80"}
{"level":"info","message":"Server is running on port 80"}
{"level":"info","message":"MongoDB Connected: ac-5vmiezl-shard-00-00.fya1gwu.mongodb.net"}
{"level":"info","message":"Server is running on port: 80"}
{"level":"info","message":"Server is running on port 80"}
{"level":"info","message":"MongoDB Connected: ac-5vmiezl-shard-00-01.fya1gwu.mongodb.net"}
{"level":"info","message":"Server is running on port: 80"}
{"level":"info","message":"Server is running on port 80"}
{"level":"info","message":"MongoDB Connected: ac-5vmiezl-shard-00-00.fya1gwu.mongodb.net"}
{"level":"info","message":"Server is running on port: 80"}
{"level":"info","message":"Server is running on port 80"}
{"level":"info","message":"MongoDB Connected: ac-5vmiezl-shard-00-00.fya1gwu.mongodb.net"}
{"level":"info","message":"Server is running on port: 80"}
{"level":"info","message":"Server is running on port 80"}
{"level":"info","message":"MongoDB Connected: ac-5vmiezl-shard-00-01.fya1gwu.mongodb.net"}
{"level":"info","message":"Server is running on port: 80"}
{"level":"info","message":"Server is running on port 80"}
{"level":"info","message":"MongoDB Connected: ac-5vmiezl-shard-00-02.fya1gwu.mongodb.net"}
{"level":"info","message":"Server is running on port: 80"}
{"level":"info","message":"Server is running on port 80"}
{"level":"info","message":"MongoDB Connected: ac-5vmiezl-shard-00-02.fya1gwu.mongodb.net"}
{"level":"info","message":"Server is running on port: 80"}
{"level":"info","message":"Server is running on port 80"}
{"level":"info","message":"MongoDB Connected: ac-5vmiezl-shard-00-00.fya1gwu.mongodb.net"}
{"level":"info","message":"Server is running on port: 80"}
{"level":"info","message":"Server is running on port 80"}
{"level":"info","message":"MongoDB Connected: ac-5vmiezl-shard-00-02.fya1gwu.mongodb.net"}
{"level":"info","message":"Server is running on port: 80"}
{"level":"info","message":"Server is running on port 80"}
{"level":"info","message":"MongoDB Connected: ac-5vmiezl-shard-00-02.fya1gwu.mongodb.net"}
{"level":"info","message":"Server is running on port: 80"}
{"level":"info","message":"Server is running on port 80"}
{"level":"info","message":"MongoDB Connected: ac-5vmiezl-shard-00-01.fya1gwu.mongodb.net"}
{"level":"info","message":"Server is running on port: 80"}
